<?xml version="1.0" encoding="UTF-8"?>
<!-- Generated by org.testng.reporters.JUnitReportReporter -->
<testsuite hostname="DESKTOP-VARTFCE" failures="0" tests="1" name="Jenkins.ProjectNew.Test_2_valid_login" time="15.260" errors="0" timestamp="2024-06-09T22:36:34 IST" skipped="0">
  <testcase classname="Jenkins.ProjectNew.Test_2_valid_login" name="test2" time="15.260"/>
  <system-out/>
</testsuite> <!-- Jenkins.ProjectNew.Test_2_valid_login -->
